{"name":"chooseSpecificItemFromSearchList","status":"broken","statusDetails":{"known":false,"muted":false,"flaky":false,"message":"Element must be set","trace":"java.lang.IllegalArgumentException: Element must be set\r\n\tat org.openqa.selenium.internal.Require.nonNull(Require.java:56)\r\n\tat org.openqa.selenium.interactions.PointerInput$Origin.fromElement(PointerInput.java:219)\r\n\tat org.openqa.selenium.interactions.Actions.moveInTicks(Actions.java:391)\r\n\tat org.openqa.selenium.interactions.Actions.click(Actions.java:298)\r\n\tat AmazonBasketTest.clickOnElement(AmazonBasketTest.java:206)\r\n\tat AmazonBasketTest.chooseSpecificItemFromSearchList(AmazonBasketTest.java:63)\r\n\tat java.base/jdk.internal.reflect.NativeMethodAccessorImpl.invoke0(Native Method)\r\n\tat java.base/jdk.internal.reflect.NativeMethodAccessorImpl.invoke(NativeMethodAccessorImpl.java:62)\r\n\tat java.base/jdk.internal.reflect.DelegatingMethodAccessorImpl.invoke(DelegatingMethodAccessorImpl.java:43)\r\n\tat java.base/java.lang.reflect.Method.invoke(Method.java:566)\r\n\tat org.testng.internal.MethodInvocationHelper.invokeMethod(MethodInvocationHelper.java:132)\r\n\tat org.testng.internal.TestInvoker.invokeMethod(TestInvoker.java:599)\r\n\tat org.testng.internal.TestInvoker.invokeTestMethod(TestInvoker.java:174)\r\n\tat org.testng.internal.MethodRunner.runInSequence(MethodRunner.java:46)\r\n\tat org.testng.internal.TestInvoker$MethodInvocationAgent.invoke(TestInvoker.java:822)\r\n\tat org.testng.internal.TestInvoker.invokeTestMethods(TestInvoker.java:147)\r\n\tat org.testng.internal.TestMethodWorker.invokeTestMethods(TestMethodWorker.java:146)\r\n\tat org.testng.internal.TestMethodWorker.run(TestMethodWorker.java:128)\r\n\tat java.base/java.util.ArrayList.forEach(ArrayList.java:1540)\r\n\tat org.testng.TestRunner.privateRun(TestRunner.java:764)\r\n\tat org.testng.TestRunner.run(TestRunner.java:585)\r\n\tat org.testng.SuiteRunner.runTest(SuiteRunner.java:384)\r\n\tat org.testng.SuiteRunner.runSequentially(SuiteRunner.java:378)\r\n\tat org.testng.SuiteRunner.privateRun(SuiteRunner.java:337)\r\n\tat org.testng.SuiteRunner.run(SuiteRunner.java:286)\r\n\tat org.testng.SuiteRunnerWorker.runSuite(SuiteRunnerWorker.java:53)\r\n\tat org.testng.SuiteRunnerWorker.run(SuiteRunnerWorker.java:96)\r\n\tat org.testng.TestNG.runSuitesSequentially(TestNG.java:1218)\r\n\tat org.testng.TestNG.runSuitesLocally(TestNG.java:1140)\r\n\tat org.testng.TestNG.runSuites(TestNG.java:1069)\r\n\tat org.testng.TestNG.run(TestNG.java:1037)\r\n\tat com.intellij.rt.testng.IDEARemoteTestNG.run(IDEARemoteTestNG.java:66)\r\n\tat com.intellij.rt.testng.RemoteTestNGStarter.main(RemoteTestNGStarter.java:109)\r\n"},"stage":"finished","steps":[{"name":"Open web page","status":"passed","stage":"finished","steps":[],"attachments":[],"parameters":[{"name":"url","value":"https://www.amazon.com/"}],"start":1618172110019,"stop":1618172116221},{"name":"acceptCookiesIfPopupPresent","status":"passed","stage":"finished","steps":[],"attachments":[],"parameters":[],"start":1618172116221,"stop":1618172116269},{"name":"Enter text Kindle into field with path //input[@id='twotabsearchtextbox']","status":"passed","stage":"finished","steps":[],"attachments":[],"parameters":[{"name":"xpath","value":"//input[@id='twotabsearchtextbox']"},{"name":"text","value":"Kindle"}],"start":1618172116269,"stop":1618172116516},{"name":"Press  key","status":"passed","stage":"finished","steps":[],"attachments":[],"parameters":[{"name":"key","value":""}],"start":1618172116517,"stop":1618172120780},{"name":"Click on element from list with position 0","status":"broken","statusDetails":{"known":false,"muted":false,"flaky":false,"message":"Element must be set","trace":"java.lang.IllegalArgumentException: Element must be set\r\n\tat org.openqa.selenium.internal.Require.nonNull(Require.java:56)\r\n\tat org.openqa.selenium.interactions.PointerInput$Origin.fromElement(PointerInput.java:219)\r\n\tat org.openqa.selenium.interactions.Actions.moveInTicks(Actions.java:391)\r\n\tat org.openqa.selenium.interactions.Actions.click(Actions.java:298)\r\n\tat AmazonBasketTest.clickOnElement(AmazonBasketTest.java:206)\r\n\tat AmazonBasketTest.chooseSpecificItemFromSearchList(AmazonBasketTest.java:63)\r\n\tat java.base/jdk.internal.reflect.NativeMethodAccessorImpl.invoke0(Native Method)\r\n\tat java.base/jdk.internal.reflect.NativeMethodAccessorImpl.invoke(NativeMethodAccessorImpl.java:62)\r\n\tat java.base/jdk.internal.reflect.DelegatingMethodAccessorImpl.invoke(DelegatingMethodAccessorImpl.java:43)\r\n\tat java.base/java.lang.reflect.Method.invoke(Method.java:566)\r\n\tat org.testng.internal.MethodInvocationHelper.invokeMethod(MethodInvocationHelper.java:132)\r\n\tat org.testng.internal.TestInvoker.invokeMethod(TestInvoker.java:599)\r\n\tat org.testng.internal.TestInvoker.invokeTestMethod(TestInvoker.java:174)\r\n\tat org.testng.internal.MethodRunner.runInSequence(MethodRunner.java:46)\r\n\tat org.testng.internal.TestInvoker$MethodInvocationAgent.invoke(TestInvoker.java:822)\r\n\tat org.testng.internal.TestInvoker.invokeTestMethods(TestInvoker.java:147)\r\n\tat org.testng.internal.TestMethodWorker.invokeTestMethods(TestMethodWorker.java:146)\r\n\tat org.testng.internal.TestMethodWorker.run(TestMethodWorker.java:128)\r\n\tat java.base/java.util.ArrayList.forEach(ArrayList.java:1540)\r\n\tat org.testng.TestRunner.privateRun(TestRunner.java:764)\r\n\tat org.testng.TestRunner.run(TestRunner.java:585)\r\n\tat org.testng.SuiteRunner.runTest(SuiteRunner.java:384)\r\n\tat org.testng.SuiteRunner.runSequentially(SuiteRunner.java:378)\r\n\tat org.testng.SuiteRunner.privateRun(SuiteRunner.java:337)\r\n\tat org.testng.SuiteRunner.run(SuiteRunner.java:286)\r\n\tat org.testng.SuiteRunnerWorker.runSuite(SuiteRunnerWorker.java:53)\r\n\tat org.testng.SuiteRunnerWorker.run(SuiteRunnerWorker.java:96)\r\n\tat org.testng.TestNG.runSuitesSequentially(TestNG.java:1218)\r\n\tat org.testng.TestNG.runSuitesLocally(TestNG.java:1140)\r\n\tat org.testng.TestNG.runSuites(TestNG.java:1069)\r\n\tat org.testng.TestNG.run(TestNG.java:1037)\r\n\tat com.intellij.rt.testng.IDEARemoteTestNG.run(IDEARemoteTestNG.java:66)\r\n\tat com.intellij.rt.testng.RemoteTestNGStarter.main(RemoteTestNGStarter.java:109)\r\n"},"stage":"finished","steps":[],"attachments":[],"parameters":[{"name":"xpath","value":"//div[@id='departments']//span[@class='a-size-base a-color-base']"},{"name":"position","value":"0"}],"start":1618172120781,"stop":1618172120831}],"attachments":[],"parameters":[],"start":1618172109995,"stop":1618172120843,"uuid":"0d9fe486-8c56-4fdb-ba8a-b37b38bdcdee","historyId":"686f96b77de9dde2042c25ad54e46044","fullName":"AmazonBasketTest.chooseSpecificItemFromSearchList","labels":[{"name":"package","value":"AmazonBasketTest"},{"name":"testClass","value":"AmazonBasketTest"},{"name":"testMethod","value":"chooseSpecificItemFromSearchList"},{"name":"parentSuite","value":"Default Suite"},{"name":"suite","value":"SeleniumOnAmazon"},{"name":"subSuite","value":"AmazonBasketTest"},{"name":"host","value":"Coyote_K0"},{"name":"thread","value":"7748@Coyote_K0.main(1)"},{"name":"framework","value":"testng"},{"name":"language","value":"java"}],"links":[]}