{"name":"checkIncreasingProductQuantityInCart","status":"broken","statusDetails":{"known":false,"muted":false,"flaky":false,"message":"Expected condition failed: waiting for presence of element located by: By.xpath: //span[contains(text(), 'Subtotal') and contains(text(), '2')] (tried for 2 second(s) with 500 milliseconds interval)","trace":"org.openqa.selenium.TimeoutException: Expected condition failed: waiting for presence of element located by: By.xpath: //span[contains(text(), 'Subtotal') and contains(text(), '2')] (tried for 2 second(s) with 500 milliseconds interval)\r\n\tat org.openqa.selenium.support.ui.WebDriverWait.timeoutException(WebDriverWait.java:138)\r\n\tat org.openqa.selenium.support.ui.FluentWait.until(FluentWait.java:231)\r\n\tat AmazonBasketTest.waitForElementToBePresent(AmazonBasketTest.java:46)\r\n\tat AmazonBasketTest.checkIncreasingProductQuantityInCart(AmazonBasketTest.java:117)\r\n\tat java.base/jdk.internal.reflect.NativeMethodAccessorImpl.invoke0(Native Method)\r\n\tat java.base/jdk.internal.reflect.NativeMethodAccessorImpl.invoke(NativeMethodAccessorImpl.java:62)\r\n\tat java.base/jdk.internal.reflect.DelegatingMethodAccessorImpl.invoke(DelegatingMethodAccessorImpl.java:43)\r\n\tat java.base/java.lang.reflect.Method.invoke(Method.java:566)\r\n\tat org.testng.internal.MethodInvocationHelper.invokeMethod(MethodInvocationHelper.java:132)\r\n\tat org.testng.internal.TestInvoker.invokeMethod(TestInvoker.java:599)\r\n\tat org.testng.internal.TestInvoker.invokeTestMethod(TestInvoker.java:174)\r\n\tat org.testng.internal.MethodRunner.runInSequence(MethodRunner.java:46)\r\n\tat org.testng.internal.TestInvoker$MethodInvocationAgent.invoke(TestInvoker.java:822)\r\n\tat org.testng.internal.TestInvoker.invokeTestMethods(TestInvoker.java:147)\r\n\tat org.testng.internal.TestMethodWorker.invokeTestMethods(TestMethodWorker.java:146)\r\n\tat org.testng.internal.TestMethodWorker.run(TestMethodWorker.java:128)\r\n\tat java.base/java.util.ArrayList.forEach(ArrayList.java:1540)\r\n\tat org.testng.TestRunner.privateRun(TestRunner.java:764)\r\n\tat org.testng.TestRunner.run(TestRunner.java:585)\r\n\tat org.testng.SuiteRunner.runTest(SuiteRunner.java:384)\r\n\tat org.testng.SuiteRunner.runSequentially(SuiteRunner.java:378)\r\n\tat org.testng.SuiteRunner.privateRun(SuiteRunner.java:337)\r\n\tat org.testng.SuiteRunner.run(SuiteRunner.java:286)\r\n\tat org.testng.SuiteRunnerWorker.runSuite(SuiteRunnerWorker.java:53)\r\n\tat org.testng.SuiteRunnerWorker.run(SuiteRunnerWorker.java:96)\r\n\tat org.testng.TestNG.runSuitesSequentially(TestNG.java:1218)\r\n\tat org.testng.TestNG.runSuitesLocally(TestNG.java:1140)\r\n\tat org.testng.TestNG.runSuites(TestNG.java:1069)\r\n\tat org.testng.TestNG.run(TestNG.java:1037)\r\n\tat com.intellij.rt.testng.IDEARemoteTestNG.run(IDEARemoteTestNG.java:66)\r\n\tat com.intellij.rt.testng.RemoteTestNGStarter.main(RemoteTestNGStarter.java:109)\r\nCaused by: org.openqa.selenium.NoSuchElementException: no such element: Unable to locate element: {\"method\":\"xpath\",\"selector\":\"//span[contains(text(), 'Subtotal') and contains(text(), '2')]\"}\n  (Session info: chrome=89.0.4389.114)\nFor documentation on this error, please visit: https://selenium.dev/exceptions/#no_such_element\nBuild info: version: '4.0.0-beta-2', revision: '4ec0cfc112'\nSystem info: host: 'COYOTE_K0', ip: '169.254.108.171', os.name: 'Windows 10', os.arch: 'amd64', os.version: '10.0', java.version: '11'\nDriver info: org.openqa.selenium.chrome.ChromeDriver\nCommand: [900c1b90528931099292bd77a2d8ac25, findElement {using=xpath, value=//span[contains(text(), 'Subtotal') and contains(text(), '2')]}]\nCapabilities {acceptInsecureCerts: false, browserName: chrome, browserVersion: 89.0.4389.114, chrome: {chromedriverVersion: 89.0.4389.23 (61b08ee2c5002..., userDataDir: E:\\SYSTEM~2\\TEMP\\scoped_dir...}, goog:chromeOptions: {debuggerAddress: localhost:65514}, javascriptEnabled: true, networkConnectionEnabled: false, pageLoadStrategy: normal, platform: WINDOWS, platformName: WINDOWS, proxy: Proxy(), setWindowRect: true, strictFileInteractability: false, timeouts: {implicit: 0, pageLoad: 300000, script: 30000}, unhandledPromptBehavior: dismiss and notify, webauthn:extension:largeBlob: true, webauthn:virtualAuthenticators: true}\nSession ID: 900c1b90528931099292bd77a2d8ac25\r\n\tat java.base/jdk.internal.reflect.NativeConstructorAccessorImpl.newInstance0(Native Method)\r\n\tat java.base/jdk.internal.reflect.NativeConstructorAccessorImpl.newInstance(NativeConstructorAccessorImpl.java:62)\r\n\tat java.base/jdk.internal.reflect.DelegatingConstructorAccessorImpl.newInstance(DelegatingConstructorAccessorImpl.java:45)\r\n\tat java.base/java.lang.reflect.Constructor.newInstance(Constructor.java:490)\r\n\tat org.openqa.selenium.remote.codec.w3c.W3CHttpResponseCodec.createException(W3CHttpResponseCodec.java:195)\r\n\tat org.openqa.selenium.remote.codec.w3c.W3CHttpResponseCodec.decode(W3CHttpResponseCodec.java:128)\r\n\tat org.openqa.selenium.remote.codec.w3c.W3CHttpResponseCodec.decode(W3CHttpResponseCodec.java:52)\r\n\tat org.openqa.selenium.remote.HttpCommandExecutor.execute(HttpCommandExecutor.java:187)\r\n\tat org.openqa.selenium.remote.service.DriverCommandExecutor.invokeExecute(DriverCommandExecutor.java:153)\r\n\tat org.openqa.selenium.remote.service.DriverCommandExecutor.execute(DriverCommandExecutor.java:128)\r\n\tat org.openqa.selenium.remote.RemoteWebDriver.execute(RemoteWebDriver.java:620)\r\n\tat org.openqa.selenium.remote.RemoteWebDriver$Mechanism$2.findElement(RemoteWebDriver.java:1259)\r\n\tat org.openqa.selenium.remote.RemoteWebDriver.findElement(RemoteWebDriver.java:388)\r\n\tat org.openqa.selenium.remote.RemoteWebDriver.findElement(RemoteWebDriver.java:382)\r\n\tat org.openqa.selenium.support.ui.ExpectedConditions$6.apply(ExpectedConditions.java:174)\r\n\tat org.openqa.selenium.support.ui.ExpectedConditions$6.apply(ExpectedConditions.java:171)\r\n\tat org.openqa.selenium.support.ui.FluentWait.until(FluentWait.java:208)\r\n\t... 29 more\r\n"},"stage":"finished","steps":[{"name":"Open web page","status":"passed","stage":"finished","steps":[],"attachments":[],"parameters":[{"name":"url","value":"https://www.amazon.com/"}],"start":1618175929247,"stop":1618175932873},{"name":"acceptCookiesIfPopupPresent","status":"passed","stage":"finished","steps":[],"attachments":[],"parameters":[],"start":1618175932874,"stop":1618175932909},{"name":"Enter text Kindle into field with path //input[@id='twotabsearchtextbox']","status":"passed","stage":"finished","steps":[],"attachments":[],"parameters":[{"name":"xpath","value":"//input[@id='twotabsearchtextbox']"},{"name":"text","value":"Kindle"}],"start":1618175932910,"stop":1618175933169},{"name":"Press  key","status":"passed","stage":"finished","steps":[],"attachments":[],"parameters":[{"name":"key","value":""}],"start":1618175933171,"stop":1618175936549},{"name":"Click on element from list with position 1","status":"passed","stage":"finished","steps":[],"attachments":[],"parameters":[{"name":"xpath","value":"//div[@id='departments']//span[@class='a-size-base a-color-base']"},{"name":"position","value":"1"}],"start":1618175936550,"stop":1618175938493},{"name":"Click on element with xpath //*[contains(text(),'Certified Refurbished Kindle')]","status":"passed","stage":"finished","steps":[{"name":"Click on element from list with position -1","status":"passed","stage":"finished","steps":[],"attachments":[],"parameters":[{"name":"xpath","value":"//*[contains(text(),'Certified Refurbished Kindle')]"},{"name":"position","value":"-1"}],"start":1618175938494,"stop":1618175959673}],"attachments":[],"parameters":[{"name":"xpath","value":"//*[contains(text(),'Certified Refurbished Kindle')]"}],"start":1618175938494,"stop":1618175959673},{"name":"Get price from xpath //*[@id='price_inside_buybox'] without currency sign","status":"passed","stage":"finished","steps":[],"attachments":[],"parameters":[{"name":"xpath","value":"//*[@id='price_inside_buybox']"}],"start":1618175959673,"stop":1618175959739},{"name":"Click on element with xpath //input[@id='add-to-cart-button']","status":"passed","stage":"finished","steps":[{"name":"Click on element from list with position -1","status":"passed","stage":"finished","steps":[],"attachments":[],"parameters":[{"name":"xpath","value":"//input[@id='add-to-cart-button']"},{"name":"position","value":"-1"}],"start":1618175959739,"stop":1618175961114}],"attachments":[],"parameters":[{"name":"xpath","value":"//input[@id='add-to-cart-button']"}],"start":1618175959739,"stop":1618175961114},{"name":"Click on web element from list with position {1}","status":"passed","stage":"finished","steps":[],"attachments":[],"parameters":[{"name":"webElement","value":"[[ChromeDriver: chrome on WINDOWS (900c1b90528931099292bd77a2d8ac25)] -> xpath: //a[@id='hlb-view-cart-announce']]"}],"start":1618175961139,"stop":1618175961575},{"name":"Click on web element from list with position {1}","status":"passed","stage":"finished","steps":[],"attachments":[],"parameters":[{"name":"webElement","value":"[[ChromeDriver: chrome on WINDOWS (900c1b90528931099292bd77a2d8ac25)] -> xpath: //span[@class='a-button-text a-declarative']]"}],"start":1618175962107,"stop":1618175962448}],"attachments":[],"parameters":[],"start":1618175929212,"stop":1618175964632,"uuid":"40de05d3-6bbf-4711-ba1f-08d326af8288","historyId":"f88eff4601b5798f0e5ba0a1cfb43e0e","fullName":"AmazonBasketTest.checkIncreasingProductQuantityInCart","labels":[{"name":"package","value":"AmazonBasketTest"},{"name":"testClass","value":"AmazonBasketTest"},{"name":"testMethod","value":"checkIncreasingProductQuantityInCart"},{"name":"parentSuite","value":"Default Suite"},{"name":"suite","value":"SeleniumOnAmazon"},{"name":"subSuite","value":"AmazonBasketTest"},{"name":"host","value":"Coyote_K0"},{"name":"thread","value":"16056@Coyote_K0.main(1)"},{"name":"framework","value":"testng"},{"name":"language","value":"java"}],"links":[]}